<?xml version="1.0" encoding="UTF-8"?>
<!-- Generated by org.testng.reporters.JUnitReportReporter -->
<testsuite hostname="DESKTOP-HU3IM2H" failures="0" tests="1" name="Academy.ValidateNavigationBar" time="0.222" errors="0" timestamp="2021-07-30T22:10:44 IST" skipped="0">
  <testcase classname="Academy.ValidateNavigationBar" name="basePageNavigation" time="0.222"/>
  <system-out/>
</testsuite> <!-- Academy.ValidateNavigationBar -->
