<?xml version="1.0" encoding="UTF-8"?>
<!-- Generated by org.testng.reporters.JUnitReportReporter -->
<testsuite hostname="DESKTOP-HU3IM2H" failures="0" tests="2" name="Academy.HomePage" time="15.537" errors="0" timestamp="2021-07-31T12:14:28 IST" skipped="0">
  <testcase classname="Academy.HomePage" name="basePageNavigation" time="12.540"/>
  <system-out/>
  <testcase classname="Academy.HomePage" name="basePageNavigation" time="2.997"/>
  <system-out/>
</testsuite> <!-- Academy.HomePage -->
