<?xml version="1.0" encoding="UTF-8"?>
<!-- Generated by org.testng.reporters.JUnitReportReporter -->
<testsuite skipped="0" hostname="DESKTOP-HU3IM2H" name="Academy.ValidateNavigationBar" tests="1" failures="0" timestamp="2021-07-31T20:04:11 IST" time="0.112" errors="0">
  <testcase name="validateNavigationbar" time="0.112" classname="Academy.ValidateNavigationBar"/>
  <system-out/>
</testsuite> <!-- Academy.ValidateNavigationBar -->
