<?xml version="1.0" encoding="UTF-8"?>
<!-- Generated by org.testng.reporters.JUnitReportReporter -->
<testsuite skipped="0" hostname="DESKTOP-HU3IM2H" name="Academy.HomePage" tests="2" failures="0" timestamp="2021-07-31T20:04:11 IST" time="16.330" errors="0">
  <testcase name="basePageNavigation" time="3.014" classname="Academy.HomePage"/>
  <system-out/>
  <testcase name="basePageNavigation" time="13.316" classname="Academy.HomePage"/>
  <system-out/>
</testsuite> <!-- Academy.HomePage -->
